error with logging
error with logging
error with logging
error with logging, TimeoutError: waiting for target failed: timeout 30000ms exceeded
error with logging, TimeoutError: waiting for target failed: timeout 30000ms exceeded
error with logging, TimeoutError: waiting for target failed: timeout 30000ms exceeded
error with logging, TimeoutError: waiting for target failed: timeout 30000ms exceeded
error with logging, TimeoutError: waiting for target failed: timeout 30000ms exceeded
error with logging, TypeError: newPagePromise is not a function
error after logging (not found element to close), Error: No node found for selector: #wrapper > div.dialog-list.dialog-list--shown.maximized-wrapper > div > div.dialog-container > div.dialog__close.icon.icon-close
error with logging, Error: No node found for selector: body > div.rodo-popup > div.rodo-popup-buttons > button.rodo-popup-agree
error after logging (not found element to close), Error: No node found for selector: #wrapper > div.dialog-list.dialog-list--shown.maximized-wrapper > div > div.dialog-container > div.dialog__close.icon.icon-close
error after logging (not found element to close), Error: No node found for selector: #wrapper > div.dialog-list.dialog-list--shown.maximized-wrapper > div > div.dialog-container > div.dialog__close.icon.icon-close
error after logging (not found element to close), Error: No node found for selector: #wrapper > div.dialog-list.dialog-list--shown.maximized-wrapper > div > div.dialog-container > div.dialog__close.icon.icon-close
error with logging, ReferenceError: browser is not defined
error after logging (not found element to close), Error: No node found for selector: #wrapper > div.dialog-list.dialog-list--shown.maximized-wrapper > div > div.dialog-container > div.dialog__close.icon.icon-close
error after logging (not found element to close), Error: No node found for selector: #wrapper > div.dialog-list.dialog-list--shown.maximized-wrapper > div > div.dialog-container > div.dialog__close.icon.icon-close
error with logging, ReferenceError: browser is not defined
error after logging (not found element to close), Error: No node found for selector: #wrapper > div.dialog-list.dialog-list--shown.maximized-wrapper > div > div.dialog-container > div.dialog__close.icon.icon-close
error with logging, Error: net::ERR_ABORTED at https://poczta.interia.pl/logowanie/
error after logging (not found element to close), Error: No node found for selector: #wrapper > div.dialog-list.dialog-list--shown.maximized-wrapper > div > div.dialog-container > div.dialog__close.icon.icon-close
error after logging (not found element to close), Error: No node found for selector: #wrapper > div.dialog-list.dialog-list--shown.maximized-wrapper > div > div.dialog-container > div.dialog__close.icon.icon-close
error after logging (not found element to close), Error: No node found for selector: #wrapper > div.dialog-list.dialog-list--shown.maximized-wrapper > div > div.dialog-container > div.dialog__close.icon.icon-close
error after logging (not found element to close), Error: No node found for selector: #wrapper > div.dialog-list.dialog-list--shown.maximized-wrapper > div > div.dialog-container > div.dialog__close.icon.icon-close
error with logging, Error: net::ERR_ABORTED at https://poczta.interia.pl/logowanie/
error after logging (not found element to close), Error: No node found for selector: #wrapper > div.dialog-list.dialog-list--shown.maximized-wrapper > div > div.dialog-container > div.dialog__close.icon.icon-close
error with logging, Error: net::ERR_ABORTED at https://poczta.interia.pl/logowanie/
error after logging (not found element to close), Error: No node found for selector: #wrapper > div.dialog-list.dialog-list--shown.maximized-wrapper > div > div.dialog-container > div.dialog__close.icon.icon-close
error with logging, Error: net::ERR_ABORTED at https://poczta.interia.pl/logowanie/
error after logging (not found element to close), Error: No node found for selector: #wrapper > div.dialog-list.dialog-list--shown.maximized-wrapper > div > div.dialog-container > div.dialog__close.icon.icon-close
error with logging, Error: net::ERR_ABORTED at https://poczta.interia.pl/logowanie/
error after logging (not found element to close), Error: No node found for selector: #wrapper > div.dialog-list.dialog-list--shown.maximized-wrapper > div > div.dialog-container > div.dialog__close.icon.icon-close
error with logging, Error: net::ERR_ABORTED at https://poczta.interia.pl/logowanie/
error after logging (not found element to close), Error: No node found for selector: #wrapper > div.dialog-list.dialog-list--shown.maximized-wrapper > div > div.dialog-container > div.dialog__close.icon.icon-close
error after logging (not found element to close), Error: No node found for selector: #wrapper > div.dialog-list.dialog-list--shown.maximized-wrapper > div > div.dialog-container > div.dialog__close.icon.icon-close
error with logging, ReferenceError: browser is not defined
error after logging (not found element to close), Error: No node found for selector: #wrapper > div.dialog-list.dialog-list--shown.maximized-wrapper > div > div.dialog-container > div.dialog__close.icon.icon-close
error after logging (not found element to close), Error: No node found for selector: #wrapper > div.dialog-list.dialog-list--shown.maximized-wrapper > div > div.dialog-container > div.dialog__close.icon.icon-close
error with logging, ReferenceError: browser is not defined
error after logging (not found element to close), Error: No node found for selector: #wrapper > div.dialog-list.dialog-list--shown.maximized-wrapper > div > div.dialog-container > div.dialog__close.icon.icon-close
error after logging (not found element to close), Error: No node found for selector: #wrapper > div.dialog-list.dialog-list--shown.maximized-wrapper > div > div.dialog-container > div.dialog__close.icon.icon-close
error with logging, ReferenceError: browser is not defined
error after logging (not found element to close), Error: No node found for selector: #wrapper > div.dialog-list.dialog-list--shown.maximized-wrapper > div > div.dialog-container > div.dialog__close.icon.icon-close
error after logging (not found element to close), Error: No node found for selector: #wrapper > div.dialog-list.dialog-list--shown.maximized-wrapper > div > div.dialog-container > div.dialog__close.icon.icon-close
error with logging, ReferenceError: browser is not defined
error after logging (not found element to close), Error: No node found for selector: #wrapper > div.dialog-list.dialog-list--shown.maximized-wrapper > div > div.dialog-container > div.dialog__close.icon.icon-close
error after logging (not found element to close), Error: No node found for selector: #wrapper > div.dialog-list.dialog-list--shown.maximized-wrapper > div > div.dialog-container > div.dialog__close.icon.icon-close
error after logging (not found element to close), Error: No node found for selector: #wrapper > div.dialog-list.dialog-list--shown.maximized-wrapper > div > div.dialog-container > div.dialog__close.icon.icon-close
error after logging (not found element to close), Error: No node found for selector: #wrapper > div.dialog-list.dialog-list--shown.maximized-wrapper > div > div.dialog-container > div.dialog__close.icon.icon-close
error with logging, ReferenceError: browser is not defined
error after logging (not found element to close), Error: No node found for selector: #wrapper > div.dialog-list.dialog-list--shown.maximized-wrapper > div > div.dialog-container > div.dialog__close.icon.icon-close
error after logging (not found element to close), Error: No node found for selector: #wrapper > div.dialog-list.dialog-list--shown.maximized-wrapper > div > div.dialog-container > div.dialog__close.icon.icon-close
error after logging (not found element to close), Error: No node found for selector: #wrapper > div.dialog-list.dialog-list--shown.maximized-wrapper > div > div.dialog-container > div.dialog__close.icon.icon-close
error after logging (not found element to close), Error: No node found for selector: #wrapper > div.dialog-list.dialog-list--shown.maximized-wrapper > div > div.dialog-container > div.dialog__close.icon.icon-close
error after logging (not found element to close), Error: No node found for selector: #wrapper > div.dialog-list.dialog-list--shown.maximized-wrapper > div > div.dialog-container > div.dialog__close.icon.icon-close
error after logging (not found element to close), Error: No node found for selector: #wrapper > div.dialog-list.dialog-list--shown.maximized-wrapper > div > div.dialog-container > div.dialog__close.icon.icon-close
error after logging (not found element to close), Error: No node found for selector: #wrapper > div.dialog-list.dialog-list--shown.maximized-wrapper > div > div.dialog-container > div.dialog__close.icon.icon-close
error with logging, ReferenceError: browser is not defined
